{"logLevel":"debug","message":"multithreading is set to false"}
{"logLevel":"debug","message":"Using reflection to scan dependencies for gauge implementations..."}
SLF4J: Failed to load class "org.slf4j.impl.StaticLoggerBinder".
SLF4J: Defaulting to no-operation (NOP) logger implementation
SLF4J: See http://www.slf4j.org/codes.html#StaticLoggerBinder for further details.
{"logLevel":"debug","message":"gauge-java took 2062milliseconds to load and scan. This should be less than 'runner_connection_timeout' config value."}
{"logLevel":"debug","message":"run 'gauge config runner_connection_timeout' and verify that it is < 2062"}
{"logLevel":"debug","message":"starting gRPC server..."}
{"logLevel":"debug","message":"started gRPC server on port 57363"}
{"logLevel":"info","message":"Listening on port:57363"}
{"logLevel":"debug","message":"Scanning packages for steps"}
{"logLevel":"debug","message":"Comparing 'web.utils.CommonStepsUI.open_link' and 'web.utils.CommonStepsUI.open_link'"}
{"logLevel":"debug","message":"Found Open link {} in current project scope."}
{"logLevel":"debug","message":"Comparing 'web.pages.LoginPageSteps.userTypeLogonBU' and 'web.pages.LoginPageSteps.userTypeLogonBU'"}
{"logLevel":"debug","message":"Found Starting logon to bank user as {} in current project scope."}
{"logLevel":"debug","message":"Comparing 'web.utils.CommonStepsUI.prestep_before_login' and 'web.utils.CommonStepsUI.prestep_before_login'"}
{"logLevel":"debug","message":"Found Setting env in property for execution in current project scope."}
{"logLevel":"debug","message":"Comparing 'web.utils.CommonStepsUI.openL_link_For_BU_SSO' and 'web.utils.CommonStepsUI.openL_link_For_BU_SSO'"}
{"logLevel":"debug","message":"Found Open link {} for BU SSO with {} in current project scope."}
{"logLevel":"debug","message":"Comparing 'web.pages.LoginPageSteps.userApplicationWithProfile' and 'web.pages.LoginPageSteps.userApplicationWithProfile'"}
{"logLevel":"debug","message":"Found Login to the {} application with {} profile in current project scope."}
{"logLevel":"debug","message":"Scanning packages for hooks"}
{"logLevel":"debug","message":"Scanned steps (using static parsing + reflections): "}
{"logLevel":"debug","message":"\tOpen link {} for BU SSO with {} : public void openL_link_For_BU_SSO(String url, String userType)"}
{"logLevel":"debug","message":"\tLogin to the {} application with {} profile : public void userApplicationWithProfile(String userApplication, String userType)"}
{"logLevel":"debug","message":"\tStarting logon to bank user as {} : public void userTypeLogonBU(String userRole)"}
{"logLevel":"debug","message":"\tOpen link {} : public void open_link(String url)"}
{"logLevel":"debug","message":"\tSetting env in property for execution : public void prestep_before_login()"}
UPDATE_JIRA_TEST_STATUS is set to No
C:\Users\Krishan Gururani\Automation Activity\Deloitte\projectNW\env\default\custom.properties: The process cannot access the file because it is being used by another process
Exception while fetching tags from scenario: Cannot invoke "String.contains(java.lang.CharSequence)" because the return value of "java.lang.System.getenv(String)" is null
CHROME DRIVER PATH: libs/drivers/Chrome/102/chromedriver.exe
BINARY CHROME PATH::::C:/Program Files/Google/Chrome/Application/chrome.exe
ChromeDriver was started successfully.
Jun 26, 2022 3:58:08 PM org.openqa.selenium.remote.ProtocolHandshake createSession
INFO: Detected dialect: W3C
Jun 26, 2022 3:58:08 PM org.openqa.selenium.devtools.CdpVersionFinder findNearestMatch
WARNING: Unable to find an exact match for CDP version 102, so returning the closest version found: 99
Jun 26, 2022 3:58:08 PM org.openqa.selenium.devtools.CdpVersionFinder findNearestMatch
INFO: Found CDP implementation for version 102 of 99
{"logLevel":"debug","message":"Executing 'Setting env in property for execution' using 'class web.utils.CommonStepsUI.prestep_before_login"}
java.lang.NullPointerException: Cannot invoke "String.equalsIgnoreCase(String)" because the return value of "java.lang.System.getenv(String)" is null
	at web.utils.DriverSupport.afterStepActions(DriverSupport.java:488)
	at web.utils.Driver.screenshot(Driver.java:40)
	at java.base/jdk.internal.reflect.DirectMethodHandleAccessor.invoke(DirectMethodHandleAccessor.java:104)
	at java.base/java.lang.reflect.Method.invoke(Method.java:577)
	at com.thoughtworks.gauge.execution.MethodExecutor.execute(MethodExecutor.java:30)
	at com.thoughtworks.gauge.execution.HooksExecutor$TaggedHookExecutor.executeHook(HooksExecutor.java:90)
	at com.thoughtworks.gauge.execution.HooksExecutor$TaggedHookExecutor.execute(HooksExecutor.java:78)
	at com.thoughtworks.gauge.execution.HooksExecutor.execute(HooksExecutor.java:35)
	at com.thoughtworks.gauge.processor.MethodExecutionMessageProcessor.executeHooks(MethodExecutionMessageProcessor.java:55)
	at com.thoughtworks.gauge.processor.StepExecutionEndingProcessor.process(StepExecutionEndingProcessor.java:25)
	at com.thoughtworks.gauge.RunnerServiceHandler.lambda$finishStepExecution$8(RunnerServiceHandler.java:183)
	at java.base/java.util.concurrent.ThreadPoolExecutor.runWorker(ThreadPoolExecutor.java:1136)
	at java.base/java.util.concurrent.ThreadPoolExecutor$Worker.run(ThreadPoolExecutor.java:635)
	at java.base/java.lang.Thread.run(Thread.java:833)
{"logLevel":"debug","message":"Executing 'Login to the {} application with {} profile' using 'class web.pages.LoginPageSteps.userApplicationWithProfile"}
--------------Constructor class web.pages.LoginPage---------------
GOT EXCEPTION
java.lang.NullPointerException: Cannot invoke "String.equalsIgnoreCase(String)" because the return value of "java.lang.System.getenv(String)" is null
	at web.utils.DriverSupport.afterStepActions(DriverSupport.java:488)
	at web.utils.Driver.screenshot(Driver.java:40)
	at java.base/jdk.internal.reflect.DirectMethodHandleAccessor.invoke(DirectMethodHandleAccessor.java:104)
	at java.base/java.lang.reflect.Method.invoke(Method.java:577)
	at com.thoughtworks.gauge.execution.MethodExecutor.execute(MethodExecutor.java:30)
	at com.thoughtworks.gauge.execution.HooksExecutor$TaggedHookExecutor.executeHook(HooksExecutor.java:90)
	at com.thoughtworks.gauge.execution.HooksExecutor$TaggedHookExecutor.execute(HooksExecutor.java:78)
	at com.thoughtworks.gauge.execution.HooksExecutor.execute(HooksExecutor.java:35)
	at com.thoughtworks.gauge.processor.MethodExecutionMessageProcessor.executeHooks(MethodExecutionMessageProcessor.java:55)
	at com.thoughtworks.gauge.processor.StepExecutionEndingProcessor.process(StepExecutionEndingProcessor.java:25)
	at com.thoughtworks.gauge.RunnerServiceHandler.lambda$finishStepExecution$8(RunnerServiceHandler.java:183)
	at java.base/java.util.concurrent.ThreadPoolExecutor.runWorker(ThreadPoolExecutor.java:1136)
	at java.base/java.util.concurrent.ThreadPoolExecutor$Worker.run(ThreadPoolExecutor.java:635)
	at java.base/java.lang.Thread.run(Thread.java:833)
SCENARIOS EXECUTION COMPLETE LIST: [1 CMST-xxx1 TC01_Multibanking]
0
{"logLevel":"debug","message":"Killing Java runner..."}
{"logLevel":"debug","message":"Stopping execution pool..."}
{"logLevel":"debug","message":"Shutting down grpc server..."}
{"logLevel":"debug","message":"Runner killed gracefully."}
