{"logLevel":"debug","message":"multithreading is set to false"}
{"logLevel":"debug","message":"Using reflection to scan dependencies for gauge implementations..."}
SLF4J: Failed to load class "org.slf4j.impl.StaticLoggerBinder".
SLF4J: Defaulting to no-operation (NOP) logger implementation
SLF4J: See http://www.slf4j.org/codes.html#StaticLoggerBinder for further details.
{"logLevel":"debug","message":"gauge-java took 1650milliseconds to load and scan. This should be less than 'runner_connection_timeout' config value."}
{"logLevel":"debug","message":"run 'gauge config runner_connection_timeout' and verify that it is < 1650"}
{"logLevel":"debug","message":"starting gRPC server..."}
{"logLevel":"debug","message":"started gRPC server on port 56878"}
{"logLevel":"info","message":"Listening on port:56878"}
{"logLevel":"debug","message":"Scanning packages for steps"}
{"logLevel":"debug","message":"Comparing 'web.utils.CommonStepsUI.open_link' and 'web.utils.CommonStepsUI.open_link'"}
{"logLevel":"debug","message":"Found Open link {} in current project scope."}
{"logLevel":"debug","message":"Comparing 'web.pages.LoginPageSteps.userTypeLogonBU' and 'web.pages.LoginPageSteps.userTypeLogonBU'"}
{"logLevel":"debug","message":"Found Starting logon to bank user as {} in current project scope."}
{"logLevel":"debug","message":"Comparing 'web.utils.CommonStepsUI.prestep_before_login' and 'web.utils.CommonStepsUI.prestep_before_login'"}
{"logLevel":"debug","message":"Found Setting env in property for execution in current project scope."}
{"logLevel":"debug","message":"Comparing 'web.utils.CommonStepsUI.openL_link_For_BU_SSO' and 'web.utils.CommonStepsUI.openL_link_For_BU_SSO'"}
{"logLevel":"debug","message":"Found Open link {} for BU SSO with {} in current project scope."}
{"logLevel":"debug","message":"Comparing 'web.pages.LoginPageSteps.userApplicationWithProfile' and 'web.pages.LoginPageSteps.userApplicationWithProfile'"}
{"logLevel":"debug","message":"Found Login to the {} application with {} profile in current project scope."}
{"logLevel":"debug","message":"Scanning packages for hooks"}
{"logLevel":"debug","message":"Scanned steps (using static parsing + reflections): "}
{"logLevel":"debug","message":"\tOpen link {} for BU SSO with {} : public void openL_link_For_BU_SSO(String url, String userType)"}
{"logLevel":"debug","message":"\tLogin to the {} application with {} profile : public void userApplicationWithProfile(String userApplication, String userType)"}
{"logLevel":"debug","message":"\tStarting logon to bank user as {} : public void userTypeLogonBU(String userRole)"}
{"logLevel":"debug","message":"\tOpen link {} : public void open_link(String url)"}
{"logLevel":"debug","message":"\tSetting env in property for execution : public void prestep_before_login()"}
JIRA_EXCEPTION
Cannot invoke "String.equalsIgnoreCase(String)" because the return value of "java.lang.System.getenv(String)" is null
C:\Users\Krishan Gururani\Automation Activity\Deloitte\projectNW\env\default\custom.properties: The process cannot access the file because it is being used by another process
Exception while fetching tags from scenario: Cannot invoke "String.contains(java.lang.CharSequence)" because the return value of "java.lang.System.getenv(String)" is null
CHROME DRIVER PATH: libs/drivers/Chrome/100/chromedriver.exe
BINARY CHROME PATH::::C:/Program Files/Google/Chrome/Application/chrome.exe
CHROME DRIVER PATH: libs/drivers/Chrome/100/chromedriver.exe
BINARY CHROME PATH::::C:/Program Files/Google/Chrome/Application/chrome.exe
{"logLevel":"debug","message":"Killing Java runner..."}
{"logLevel":"debug","message":"Stopping execution pool..."}
{"logLevel":"debug","message":"Shutting down grpc server..."}
{"logLevel":"debug","message":"Runner killed gracefully."}
